<?xml version="1.0" encoding="UTF-8"?>
<testsuites name="jest tests" tests="2" failures="0" errors="0" time="2.19">
  <testsuite name="pagebreaks" errors="0" failures="0" skipped="0" timestamp="2024-08-01T20:43:28" time="1.861" tests="2">
    <testcase classname="pagebreaks should be tested" name="pagebreaks should be tested" time="0.002">
    </testcase>
    <testcase classname="parseExport shouldn not include spaces" name="parseExport shouldn not include spaces" time="0.001">
    </testcase>
  </testsuite>
</testsuites>